0.725000    0.505834 
0.726000    0.505848 
0.727000    0.505862 
0.728000    0.505876 
0.729000    0.505890 
0.730000    0.505904 
0.731000    0.505918 
0.732000    0.505932 
0.733000    0.505946 
0.734000    0.505960 
0.735000    0.505974 
0.736000    0.505988 
0.737000    0.506002 
0.738000    0.506017 
0.739000    0.506031 
0.740000    0.506046 
0.741000    0.506060 
0.742000    0.506075 
0.743000    0.506089 
0.744000    0.506104 
0.745000    0.506119 
0.746000    0.506133 
0.747000    0.506148 
0.748000    0.506163 
0.749000    0.506177 
0.750000    0.506192 
0.751000    0.506207 
0.752000    0.506221 
0.753000    0.506236 
0.754000    0.506250 
0.755000    0.506264 
0.756000    0.506278 
0.757000    0.506293 
0.758000    0.506306 
0.759000    0.506320 
0.760000    0.506334 
0.761000    0.506347 
0.762000    0.506361 
0.763000    0.506374 
0.764000    0.506386 
0.765000    0.506399 
0.766000    0.506411 
0.767000    0.506424 
0.768000    0.506436 
0.769000    0.506447 
0.770000    0.506459 
0.771000    0.506470 
0.772000    0.506481 
0.773000    0.506491 
0.774000    0.506502 
0.775000    0.506512 
0.776000    0.506522 
0.777000    0.506532 
0.778000    0.506541 
0.779000    0.506550 
0.780000    0.506559 
0.781000    0.506568 
0.782000    0.506577 
0.783000    0.506585 
0.784000    0.506594 
0.785000    0.506602 
0.786000    0.506610 
0.787000    0.506617 
0.788000    0.506625 
0.789000    0.506632 
0.790000    0.506640 
0.791000    0.506647 
0.792000    0.506654 
0.793000    0.506661 
0.794000    0.506668 
0.795000    0.506675 
0.796000    0.506682 
0.797000    0.506689 
0.798000    0.506696 
0.799000    0.506703 
0.800000    0.506710 
0.801000    0.506716 
0.802000    0.506723 
0.803000    0.506730 
0.804000    0.506737 
0.805000    0.506744 
0.806000    0.506750 
0.807000    0.506757 
0.808000    0.506764 
0.809000    0.506771 
0.810000    0.506777 
0.811000    0.506784 
0.812000    0.506790 
0.813000    0.506797 
0.814000    0.506803 
0.815000    0.506810 
0.816000    0.506816 
0.817000    0.506822 
0.818000    0.506828 
0.819000    0.506834 
0.820000    0.506840 
0.821000    0.506845 
0.822000    0.506850 
0.823000    0.506855 
0.824000    0.506860 
0.825000    0.506864 
0.826000    0.506868 
0.827000    0.506872 
0.828000    0.506875 
0.829000    0.506878 
0.830000    0.506881 
0.831000    0.506883 
0.832000    0.506885 
0.833000    0.506887 
0.834000    0.506888 
0.835000    0.506888 
0.836000    0.506888 
0.837000    0.506888 
0.838000    0.506887 
0.839000    0.506886 
0.840000    0.506884 
0.841000    0.506882 
0.842000    0.506879 
0.843000    0.506876 
0.844000    0.506872 
0.845000    0.506868 
0.846000    0.506863 
0.847000    0.506858 
0.848000    0.506852 
0.849000    0.506846 
0.850000    0.506840 
0.851000    0.506833 
0.852000    0.506826 
0.853000    0.506818 
0.854000    0.506810 
0.855000    0.506801 
0.856000    0.506792 
0.857000    0.506783 
0.858000    0.506773 
0.859000    0.506764 
0.860000    0.506753 
0.861000    0.506743 
0.862000    0.506732 
0.863000    0.506721 
0.864000    0.506710 
0.865000    0.506698 
0.866000    0.506686 
0.867000    0.506674 
0.868000    0.506662 
0.869000    0.506650 
0.870000    0.506637 
0.871000    0.506624 
0.872000    0.506612 
0.873000    0.506599 
0.874000    0.506585 
0.875000    0.506572 
0.876000    0.506558 
0.877000    0.506545 
0.878000    0.506531 
0.879000    0.506517 
0.880000    0.506503 
0.881000    0.506488 
0.882000    0.506474 
0.883000    0.506459 
0.884000    0.506444 
0.885000    0.506429 
0.886000    0.506414 
0.887000    0.506398 
0.888000    0.506382 
0.889000    0.506366 
0.890000    0.506349 
0.891000    0.506332 
0.892000    0.506315 
0.893000    0.506297 
0.894000    0.506279 
0.895000    0.506261 
0.896000    0.506242 
0.897000    0.506223 
0.898000    0.506203 
0.899000    0.506183 
0.900000    0.506162 
0.901000    0.506141 
0.902000    0.506120 
0.903000    0.506098 
0.904000    0.506075 
0.905000    0.506052 
0.906000    0.506028 
0.907000    0.506004 
0.908000    0.505979 
0.909000    0.505954 
0.910000    0.505928 
0.911000    0.505902 
0.912000    0.505875 
0.913000    0.505847 
0.914000    0.505819 
0.915000    0.505791 
0.916000    0.505761 
0.917000    0.505732 
0.918000    0.505701 
0.919000    0.505671 
0.920000    0.505639 
0.921000    0.505607 
0.922000    0.505575 
0.923000    0.505542 
0.924000    0.505508 
0.925000    0.505474 
0.926000    0.505440 
0.927000    0.505405 
0.928000    0.505370 
0.929000    0.505334 
0.930000    0.505298 
0.931000    0.505261 
0.932000    0.505224 
0.933000    0.505187 
0.934000    0.505149 
0.935000    0.505111 
0.936000    0.505073 
0.937000    0.505034 
0.938000    0.504995 
0.939000    0.504956 
0.940000    0.504916 
0.941000    0.504876 
0.942000    0.504836 
0.943000    0.504796 
0.944000    0.504756 
0.945000    0.504715 
0.946000    0.504674 
0.947000    0.504633 
0.948000    0.504591 
0.949000    0.504550 
0.950000    0.504508 
0.951000    0.504466 
0.952000    0.504424 
0.953000    0.504381 
0.954000    0.504338 
0.955000    0.504296 
0.956000    0.504252 
0.957000    0.504209 
0.958000    0.504166 
0.959000    0.504122 
0.960000    0.504078 
0.961000    0.504034 
0.962000    0.503989 
0.963000    0.503945 
0.964000    0.503900 
0.965000    0.503855 
0.966000    0.503810 
0.967000    0.503764 
0.968000    0.503719 
0.969000    0.503673 
0.970000    0.503627 
0.971000    0.503581 
0.972000    0.503535 
0.973000    0.503488 
0.974000    0.503441 
0.975000    0.503394 
0.976000    0.503347 
0.977000    0.503300 
0.978000    0.503253 
0.979000    0.503205 
0.980000    0.503157 
0.981000    0.503110 
0.982000    0.503062 
0.983000    0.503013 
0.984000    0.502965 
0.985000    0.502917 
0.986000    0.502868 
0.987000    0.502819 
0.988000    0.502771 
0.989000    0.502722 
0.990000    0.502673 
0.991000    0.502624 
0.992000    0.502574 
0.993000    0.502525 
0.994000    0.502476 
0.995000    0.502427 
0.996000    0.502377 
0.997000    0.502328 
0.998000    0.502279 
0.999000    0.502229 
1.000000    0.502180 
1.001000    0.502130 
1.002000    0.502081 
1.003000    0.502032 
1.004000    0.501982 
1.005000    0.501933 
1.006000    0.501884 
1.007000    0.501835 
1.008000    0.501786 
1.009000    0.501737 
1.010000    0.501688 
1.011000    0.501639 
1.012000    0.501590 
1.013000    0.501541 
1.014000    0.501493 
1.015000    0.501444 
1.016000    0.501396 
1.017000    0.501347 
1.018000    0.501299 
1.019000    0.501251 
1.020000    0.501203 
1.021000    0.501155 
1.022000    0.501107 
1.023000    0.501059 
1.024000    0.501011 
1.025000    0.500963 
1.026000    0.500916 
1.027000    0.500869 
1.028000    0.500821 
1.029000    0.500774 
1.030000    0.500727 
1.031000    0.500680 
1.032000    0.500633 
1.033000    0.500587 
1.034000    0.500540 
1.035000    0.500494 
1.036000    0.500448 
1.037000    0.500402 
1.038000    0.500356 
1.039000    0.500311 
1.040000    0.500265 
1.041000    0.500220 
1.042000    0.500175 
1.043000    0.500131 
1.044000    0.500087 
1.045000    0.500043 
1.046000    0.499999 
1.047000    0.499955 
1.048000    0.499912 
1.049000    0.499870 
1.050000    0.499827 
1.051000    0.499785 
1.052000    0.499743 
1.053000    0.499702 
1.054000    0.499661 
1.055000    0.499620 
1.056000    0.499580 
1.057000    0.499540 
1.058000    0.499500 
1.059000    0.499461 
1.060000    0.499423 
1.061000    0.499384 
1.062000    0.499347 
1.063000    0.499309 
1.064000    0.499272 
1.065000    0.499236 
1.066000    0.499200 
1.067000    0.499164 
1.068000    0.499129 
1.069000    0.499094 
1.070000    0.499060 
1.071000    0.499026 
1.072000    0.498992 
1.073000    0.498959 
1.074000    0.498927 
1.075000    0.498895 
1.076000    0.498863 
1.077000    0.498832 
1.078000    0.498801 
1.079000    0.498770 
1.080000    0.498740 
1.081000    0.498710 
1.082000    0.498681 
1.083000    0.498652 
1.084000    0.498623 
1.085000    0.498595 
1.086000    0.498567 
1.087000    0.498539 
1.088000    0.498512 
1.089000    0.498485 
1.090000    0.498458 
1.091000    0.498431 
1.092000    0.498405 
1.093000    0.498379 
1.094000    0.498353 
1.095000    0.498327 
1.096000    0.498302 
1.097000    0.498277 
1.098000    0.498252 
1.099000    0.498227 
1.100000    0.498203 
1.101000    0.498179 
1.102000    0.498155 
1.103000    0.498131 
1.104000    0.498108 
1.105000    0.498084 
1.106000    0.498061 
1.107000    0.498038 
1.108000    0.498016 
1.109000    0.497994 
1.110000    0.497972 
1.111000    0.497950 
1.112000    0.497928 
1.113000    0.497907 
1.114000    0.497886 
1.115000    0.497866 
1.116000    0.497845 
1.117000    0.497825 
1.118000    0.497806 
1.119000    0.497786 
1.120000    0.497767 
1.121000    0.497749 
1.122000    0.497730 
1.123000    0.497712 
1.124000    0.497695 
1.125000    0.497677 
1.126000    0.497661 
1.127000    0.497644 
1.128000    0.497628 
1.129000    0.497612 
1.130000    0.497597 
1.131000    0.497582 
1.132000    0.497568 
1.133000    0.497554 
1.134000    0.497541 
1.135000    0.497528 
1.136000    0.497515 
1.137000    0.497503 
1.138000    0.497491 
1.139000    0.497480 
1.140000    0.497469 
1.141000    0.497458 
1.142000    0.497448 
1.143000    0.497439 
1.144000    0.497430 
1.145000    0.497421 
1.146000    0.497412 
1.147000    0.497404 
1.148000    0.497397 
1.149000    0.497390 
1.150000    0.497383 
1.151000    0.497376 
1.152000    0.497370 
1.153000    0.497364 
1.154000    0.497358 
1.155000    0.497353 
1.156000    0.497348 
1.157000    0.497343 
1.158000    0.497339 
1.159000    0.497334 
1.160000    0.497330 
1.161000    0.497326 
1.162000    0.497323 
1.163000    0.497320 
1.164000    0.497316 
1.165000    0.497313 
1.166000    0.497311 
1.167000    0.497308 
1.168000    0.497306 
1.169000    0.497303 
1.170000    0.497301 
1.171000    0.497299 
1.172000    0.497298 
1.173000    0.497296 
1.174000    0.497294 
1.175000    0.497293 
1.176000    0.497292 
1.177000    0.497291 
1.178000    0.497290 
1.179000    0.497289 
1.180000    0.497289 
1.181000    0.497288 
1.182000    0.497288 
1.183000    0.497288 
1.184000    0.497288 
1.185000    0.497288 
1.186000    0.497288 
1.187000    0.497288 
1.188000    0.497289 
1.189000    0.497290 
1.190000    0.497291 
1.191000    0.497292 
1.192000    0.497293 
1.193000    0.497295 
1.194000    0.497296 
1.195000    0.497298 
1.196000    0.497300 
1.197000    0.497303 
1.198000    0.497305 
1.199000    0.497308 
1.200000    0.497311 
1.201000    0.497314 
1.202000    0.497318 
1.203000    0.497321 
1.204000    0.497325 
1.205000    0.497329 
1.206000    0.497334 
1.207000    0.497338 
1.208000    0.497343 
1.209000    0.497348 
1.210000    0.497353 
1.211000    0.497359 
1.212000    0.497364 
1.213000    0.497370 
1.214000    0.497376 
1.215000    0.497383 
1.216000    0.497389 
1.217000    0.497396 
1.218000    0.497403 
1.219000    0.497410 
1.220000    0.497417 
1.221000    0.497425 
1.222000    0.497432 
1.223000    0.497440 
1.224000    0.497448 
1.225000    0.497456 
1.226000    0.497464 
1.227000    0.497472 
1.228000    0.497481 
1.229000    0.497489 
1.230000    0.497498 
1.231000    0.497507 
1.232000    0.497516 
1.233000    0.497525 
1.234000    0.497534 
1.235000    0.497543 
1.236000    0.497552 
1.237000    0.497561 
1.238000    0.497571 
1.239000    0.497580 
1.240000    0.497590 
1.241000    0.497599 
1.242000    0.497609 
1.243000    0.497619 
1.244000    0.497628 
1.245000    0.497638 
1.246000    0.497648 
1.247000    0.497658 
1.248000    0.497668 
1.249000    0.497678 
1.250000    0.497688 
1.251000    0.497698 
1.252000    0.497709 
1.253000    0.497719 
1.254000    0.497729 
1.255000    0.497740 
1.256000    0.497750 
1.257000    0.497761 
1.258000    0.497771 
1.259000    0.497782 
1.260000    0.497793 
1.261000    0.497803 
1.262000    0.497814 
1.263000    0.497825 
1.264000    0.497836 
1.265000    0.497847 
1.266000    0.497858 
1.267000    0.497869 
1.268000    0.497881 
1.269000    0.497892 
1.270000    0.497903 
1.271000    0.497915 
1.272000    0.497927 
1.273000    0.497938 
1.274000    0.497950 
1.275000    0.497962 
1.276000    0.497974 
1.277000    0.497986 
1.278000    0.497998 
1.279000    0.498010 
1.280000    0.498022 
1.281000    0.498034 
1.282000    0.498046 
1.283000    0.498059 
1.284000    0.498071 
1.285000    0.498084 
1.286000    0.498096 
1.287000    0.498109 
1.288000    0.498121 
1.289000    0.498134 
1.290000    0.498147 
1.291000    0.498159 
1.292000    0.498172 
1.293000    0.498185 
1.294000    0.498198 
1.295000    0.498210 
1.296000    0.498223 
1.297000    0.498236 
1.298000    0.498249 
1.299000    0.498262 
1.300000    0.498275 
1.301000    0.498288 
1.302000    0.498301 
1.303000    0.498314 
1.304000    0.498327 
1.305000    0.498340 
1.306000    0.498352 
1.307000    0.498365 
1.308000    0.498378 
1.309000    0.498391 
1.310000    0.498404 
1.311000    0.498417 
1.312000    0.498430 
1.313000    0.498443 
1.314000    0.498456 
1.315000    0.498469 
1.316000    0.498482 
1.317000    0.498495 
1.318000    0.498508 
1.319000    0.498521 
1.320000    0.498533 
1.321000    0.498546 
1.322000    0.498559 
1.323000    0.498572 
1.324000    0.498585 
1.325000    0.498598 
