0.850000    -0.000000 
0.852000    -0.000000 
0.854000    -0.000000 
0.856000    -0.000000 
0.858000    -0.000000 
0.860000    -0.000000 
0.862000    -0.000000 
0.864000    -0.000000 
0.866000    0.000000 
0.868000    0.000000 
0.870000    0.000000 
0.872000    0.000000 
0.874000    0.000000 
0.876000    0.000000 
0.878000    0.000000 
0.880000    0.000000 
0.882000    0.000000 
0.884000    0.000000 
0.886000    0.000000 
0.888000    0.000000 
0.890000    0.000000 
0.892000    0.000001 
0.894000    0.000001 
0.896000    0.000001 
0.898000    0.000002 
0.900000    0.000003 
0.902000    0.000004 
0.904000    0.000006 
0.906000    0.000008 
0.908000    0.000011 
0.910000    0.000017 
0.912000    0.000024 
0.914000    0.000034 
0.916000    0.000048 
0.918000    0.000069 
0.920000    0.000097 
0.922000    0.000137 
0.924000    0.000191 
0.926000    0.000265 
0.928000    0.000365 
0.930000    0.000501 
0.932000    0.000683 
0.934000    0.000926 
0.936000    0.001250 
0.938000    0.001680 
0.940000    0.002250 
0.942000    0.003004 
0.944000    0.004000 
0.946000    0.005314 
0.948000    0.007046 
0.950000    0.009324 
0.952000    0.012313 
0.954000    0.016216 
0.956000    0.021288 
0.958000    0.027833 
0.960000    0.036207 
0.962000    0.046813 
0.964000    0.060090 
0.966000    0.076490 
0.968000    0.096447 
0.970000    0.120339 
0.972000    0.148428 
0.974000    0.180809 
0.976000    0.217347 
0.978000    0.257622 
0.980000    0.300889 
0.982000    0.346062 
0.984000    0.391728 
0.986000    0.436196 
0.988000    0.477585 
0.990000    0.513950 
0.992000    0.543423 
0.994000    0.564375 
0.996000    0.575565 
0.998000    0.576263 
1.000000    0.566342 
1.002000    0.546304 
1.004000    0.517255 
1.006000    0.480829 
1.008000    0.439056 
1.010000    0.394211 
1.012000    0.348635 
1.014000    0.304576 
1.016000    0.264034 
1.018000    0.228653 
1.020000    0.199631 
1.022000    0.177688 
1.024000    0.163053 
1.026000    0.155493 
1.028000    0.154360 
1.030000    0.158666 
1.032000    0.167168 
1.034000    0.178464 
1.036000    0.191097 
1.038000    0.203663 
1.040000    0.214919 
1.042000    0.223873 
1.044000    0.229863 
1.046000    0.232617 
1.048000    0.232279 
1.050000    0.229399 
1.052000    0.224903 
1.054000    0.220018 
1.056000    0.216179 
1.058000    0.214915 
1.060000    0.217726 
1.062000    0.225951 
1.064000    0.240646 
1.066000    0.262473 
1.068000    0.291611 
1.070000    0.327691 
1.072000    0.369772 
1.074000    0.416359 
1.076000    0.465460 
1.078000    0.514703 
1.080000    0.561491 
1.082000    0.603194 
1.084000    0.637364 
1.086000    0.661945 
1.088000    0.675471 
1.090000    0.677206 
1.092000    0.667230 
1.094000    0.646446 
1.096000    0.616504 
1.098000    0.579660 
1.100000    0.538568 
1.102000    0.496047 
1.104000    0.454834 
1.106000    0.417354 
1.108000    0.385530 
1.110000    0.360643 
1.112000    0.343268 
1.114000    0.333266 
1.116000    0.329844 
1.118000    0.331670 
1.120000    0.337026 
1.122000    0.343987 
1.124000    0.350604 
1.126000    0.355082 
1.128000    0.355928 
1.130000    0.352063 
1.132000    0.342889 
1.134000    0.328306 
1.136000    0.308677 
1.138000    0.284757 
1.140000    0.257587 
1.142000    0.228375 
1.144000    0.198371 
1.146000    0.168759 
1.148000    0.140564 
1.150000    0.114592 
1.152000    0.091403 
1.154000    0.071304 
1.156000    0.054378 
1.158000    0.040519 
1.160000    0.029480 
1.162000    0.020926 
1.164000    0.014478 
1.166000    0.009751 
1.168000    0.006383 
1.170000    0.004053 
1.172000    0.002489 
1.174000    0.001473 
1.176000    0.000835 
1.178000    0.000451 
1.180000    0.000228 
1.182000    0.000107 
1.184000    0.000045 
1.186000    0.000016 
1.188000    0.000004 
1.190000    0.000000 
1.192000    0.000000 
1.194000    0.000001 
1.196000    0.000002 
1.198000    0.000003 
1.200000    0.000003 
1.202000    0.000003 
1.204000    0.000002 
1.206000    0.000002 
1.208000    0.000001 
1.210000    0.000001 
1.212000    0.000001 
1.214000    0.000001 
1.216000    0.000000 
1.218000    0.000000 
1.220000    0.000000 
1.222000    0.000000 
1.224000    0.000000 
1.226000    0.000000 
1.228000    0.000000 
1.230000    -0.000000 
1.232000    -0.000000 
1.234000    -0.000000 
1.236000    -0.000000 
1.238000    -0.000000 
1.240000    -0.000000 
1.242000    -0.000000 
1.244000    -0.000000 
1.246000    -0.000000 
1.248000    -0.000000 
1.250000    -0.000000 
1.252000    -0.000000 
1.254000    -0.000000 
1.256000    -0.000000 
1.258000    -0.000000 
1.260000    -0.000000 
1.262000    -0.000000 
1.264000    -0.000000 
1.266000    -0.000000 
1.268000    -0.000000 
1.270000    -0.000000 
1.272000    -0.000000 
1.274000    -0.000000 
1.276000    -0.000000 
1.278000    -0.000000 
1.280000    -0.000000 
1.282000    -0.000000 
1.284000    -0.000000 
1.286000    -0.000000 
1.288000    -0.000000 
1.290000    -0.000000 
1.292000    -0.000000 
1.294000    -0.000000 
1.296000    -0.000000 
1.298000    -0.000000 
1.300000    -0.000000 
1.302000    -0.000000 
1.304000    -0.000000 
1.306000    -0.000000 
1.308000    -0.000000 
1.310000    -0.000000 
1.312000    -0.000000 
1.314000    -0.000000 
1.316000    -0.000000 
1.318000    -0.000000 
1.320000    -0.000000 
1.322000    -0.000000 
1.324000    -0.000000 
1.326000    -0.000000 
1.328000    -0.000000 
1.330000    -0.000000 
1.332000    -0.000000 
1.334000    -0.000000 
1.336000    -0.000000 
1.338000    -0.000000 
1.340000    -0.000000 
1.342000    -0.000000 
1.344000    -0.000000 
1.346000    -0.000000 
1.348000    -0.000000 
